<?xml version="1.0" encoding="UTF-8"?>
<testng-results ignored="0" total="2" passed="2" failed="0" skipped="0">
  <reporter-output>
  </reporter-output>
  <suite started-at="2022-08-09T17:04:36 IST" name="Surefire suite" finished-at="2022-08-09T17:04:39 IST" duration-ms="3904">
    <groups>
    </groups>
    <test started-at="2022-08-09T17:04:36 IST" name="Surefire test" finished-at="2022-08-09T17:04:39 IST" duration-ms="3904">
      <class name="com.mycompany.app.my_selenium_project.NewTest">
        <test-method signature="LaunchBrowser()[pri:0, instance:com.mycompany.app.my_selenium_project.NewTest@16aa0a0a]" started-at="2022-08-09T17:04:36 IST" name="LaunchBrowser" finished-at="2022-08-09T17:04:39 IST" duration-ms="3832" status="PASS">
          <reporter-output>
          </reporter-output>
        </test-method> <!-- LaunchBrowser -->
        <test-method signature="f()[pri:0, instance:com.mycompany.app.my_selenium_project.NewTest@16aa0a0a]" started-at="2022-08-09T17:04:39 IST" name="f" finished-at="2022-08-09T17:04:39 IST" duration-ms="0" status="PASS">
          <reporter-output>
          </reporter-output>
        </test-method> <!-- f -->
      </class> <!-- com.mycompany.app.my_selenium_project.NewTest -->
    </test> <!-- Surefire test -->
  </suite> <!-- Surefire suite -->
</testng-results>
