<?xml version="1.0" encoding="UTF-8"?>
<testng-results ignored="0" total="1" passed="1" failed="0" skipped="0">
  <reporter-output>
  </reporter-output>
  <suite started-at="2022-08-09T17:04:40 IST" name="Surefire suite" finished-at="2022-08-09T17:04:40 IST" duration-ms="60">
    <groups>
    </groups>
    <test started-at="2022-08-09T17:04:40 IST" name="Surefire test" finished-at="2022-08-09T17:04:40 IST" duration-ms="60">
      <class name="com.mycompany.app.my_selenium_project.AppTest">
        <test-method signature="shouldAnswerWithTrue()" started-at="2022-08-09T17:04:40 IST" name="shouldAnswerWithTrue" finished-at="2022-08-09T17:04:40 IST" duration-ms="5" status="PASS">
          <reporter-output>
          </reporter-output>
        </test-method> <!-- shouldAnswerWithTrue -->
      </class> <!-- com.mycompany.app.my_selenium_project.AppTest -->
    </test> <!-- Surefire test -->
  </suite> <!-- Surefire suite -->
</testng-results>
