<?xml version="1.0" encoding="UTF-8"?>
<testng-results ignored="0" total="2" passed="2" failed="0" skipped="0">
  <reporter-output>
  </reporter-output>
  <suite started-at="2022-08-09T17:02:34 IST" name="Default suite" finished-at="2022-08-09T17:02:41 IST" duration-ms="7162">
    <groups>
    </groups>
    <test started-at="2022-08-09T17:02:34 IST" name="Default test" finished-at="2022-08-09T17:02:41 IST" duration-ms="7162">
      <class name="com.mycompany.app.my_selenium_project.NewTest">
        <test-method signature="LaunchBrowser()[pri:0, instance:com.mycompany.app.my_selenium_project.NewTest@4ac3c60d]" started-at="2022-08-09T17:02:34 IST" name="LaunchBrowser" finished-at="2022-08-09T17:02:41 IST" duration-ms="7102" status="PASS">
          <reporter-output>
          </reporter-output>
        </test-method> <!-- LaunchBrowser -->
        <test-method signature="f()[pri:0, instance:com.mycompany.app.my_selenium_project.NewTest@4ac3c60d]" started-at="2022-08-09T17:02:41 IST" name="f" finished-at="2022-08-09T17:02:41 IST" duration-ms="2" status="PASS">
          <reporter-output>
          </reporter-output>
        </test-method> <!-- f -->
      </class> <!-- com.mycompany.app.my_selenium_project.NewTest -->
    </test> <!-- Default test -->
  </suite> <!-- Default suite -->
</testng-results>
